[debug] [2026-04-08T17:50:22.973Z] ----------------------------------------------------------------------
[debug] [2026-04-08T17:50:22.981Z] Command:       /Users/konnaa/.local/bin/firebase /Users/konnaa/.cache/firebase/tools/lib/node_modules/firebase-tools/lib/bin/firebase emulators:start --project forgotmymeds-3693f
[debug] [2026-04-08T17:50:22.982Z] CLI Version:   15.13.0
[debug] [2026-04-08T17:50:22.982Z] Platform:      darwin
[debug] [2026-04-08T17:50:22.982Z] Node Version:  v20.18.2
[debug] [2026-04-08T17:50:22.982Z] Time:          Wed Apr 08 2026 13:50:22 GMT-0400 (Eastern Daylight Time)
[debug] [2026-04-08T17:50:22.983Z] ----------------------------------------------------------------------
[debug] 
[debug] [2026-04-08T17:50:23.972Z] > command requires scopes: ["email","openid","https://www.googleapis.com/auth/cloudplatformprojects.readonly","https://www.googleapis.com/auth/firebase","https://www.googleapis.com/auth/cloud-platform"]
[debug] [2026-04-08T17:50:23.973Z] > authorizing via signed-in user (c.jpakala01@gmail.com)
[info] i  emulators: Starting emulators: dataconnect {"metadata":{"emulator":{"name":"hub"},"message":"Starting emulators: dataconnect"}}
[debug] [2026-04-08T17:50:24.902Z] [logging] Logging Emulator only supports listening on one address (127.0.0.1). Not listening on ::1
[debug] [2026-04-08T17:50:24.903Z] [dataconnect.postgres] postgres server for dataconnect only supports listening on one address (127.0.0.1). Not listening on ::1
[debug] [2026-04-08T17:50:24.903Z] assigned listening specs for emulators {"user":{"hub":[{"address":"127.0.0.1","family":"IPv4","port":4400},{"address":"::1","family":"IPv6","port":4400}],"logging":[{"address":"127.0.0.1","family":"IPv4","port":4500}],"dataconnect":[{"address":"127.0.0.1","family":"IPv4","port":9399},{"address":"::1","family":"IPv6","port":9399}],"dataconnect.postgres":[{"address":"127.0.0.1","family":"IPv4","port":5432}]},"metadata":{"message":"assigned listening specs for emulators"}}
[debug] [2026-04-08T17:50:24.907Z] Write emulator hub locator at /var/folders/pq/3ftz_t5d4xq8xvpqkfzbktb80000gn/T/hub-forgotmymeds-3693f.json
[debug] [2026-04-08T17:50:24.921Z] defaultcredentials: writing to file /Users/konnaa/.config/firebase/c_jpakala01_gmail.com_application_default_credentials.json
[debug] [2026-04-08T17:50:25.416Z] I0408 13:50:25.404777   23852 control.go:100] [projects/emulator/locations/emulator/services/forgotmymeds-3693f-service d875] UpdateResources(): done
Main schema: sources: schema/schema.gql [668B] 
Connector "example": sources: 
 {"metadata":{"emulator":{"name":"dataconnect"},"message":"I0408 13:50:25.404777   23852 control.go:100] [projects/emulator/locations/emulator/services/forgotmymeds-3693f-service d875] UpdateResources(): done\nMain schema: sources: schema/schema.gql [668B] \nConnector \"example\": sources: \n"}}
[debug] [2026-04-08T17:50:25.417Z] defaultcredentials: writing to file /Users/konnaa/.config/firebase/c_jpakala01_gmail.com_application_default_credentials.json
[debug] [2026-04-08T17:50:25.418Z] Ignoring unsupported arg: auto_download {"metadata":{"emulator":{"name":"dataconnect"},"message":"Ignoring unsupported arg: auto_download"}}
[debug] [2026-04-08T17:50:25.419Z] Ignoring unsupported arg: port {"metadata":{"emulator":{"name":"dataconnect"},"message":"Ignoring unsupported arg: port"}}
[debug] [2026-04-08T17:50:25.419Z] Starting Data Connect Emulator with command {"binary":"/Users/konnaa/.cache/firebase/emulators/dataconnect-emulator-3.3.1","args":["--logtostderr","-v=2","dev","--listen=127.0.0.1:9399,[::1]:9399","--config_dir=/Users/konnaa/VisualStudioProjects/ForgotMyMeds/dataconnect","--enable_output_schema_extensions=true","--enable_output_generated_sdk=true"],"optionalArgs":["listen","config_dir","enable_output_schema_extensions","enable_output_generated_sdk"],"joinArgs":true,"shell":false,"port":9399} {"metadata":{"emulator":{"name":"dataconnect"},"message":"Starting Data Connect Emulator with command {\"binary\":\"/Users/konnaa/.cache/firebase/emulators/dataconnect-emulator-3.3.1\",\"args\":[\"--logtostderr\",\"-v=2\",\"dev\",\"--listen=127.0.0.1:9399,[::1]:9399\",\"--config_dir=/Users/konnaa/VisualStudioProjects/ForgotMyMeds/dataconnect\",\"--enable_output_schema_extensions=true\",\"--enable_output_generated_sdk=true\"],\"optionalArgs\":[\"listen\",\"config_dir\",\"enable_output_schema_extensions\",\"enable_output_generated_sdk\"],\"joinArgs\":true,\"shell\":false,\"port\":9399}"}}
[info] i  dataconnect: Data Connect Emulator logging to dataconnect-debug.log {"metadata":{"emulator":{"name":"dataconnect"},"message":"Data Connect Emulator logging to \u001b[1mdataconnect-debug.log\u001b[22m"}}
[info] i  dataconnect: Started up Postgres server, listening on {"address":"127.0.0.1","family":"IPv4","port":5432} {"metadata":{"emulator":{"name":"dataconnect"},"message":"Started up Postgres server, listening on {\"address\":\"127.0.0.1\",\"family\":\"IPv4\",\"port\":5432}"}}
[debug] [2026-04-08T17:50:25.462Z] [Data Connect] Connecting to postgres://127.0.0.1:5432/forgotmymeds-3693f-database?sslmode=disable}...
[debug] [2026-04-08T17:50:25.465Z] >>> [apiv2][query] POST http://127.0.0.1:9399/emulator/configure [none]
[debug] [2026-04-08T17:50:25.465Z] >>> [apiv2][body] POST http://127.0.0.1:9399/emulator/configure {"connectionString":"postgres://127.0.0.1:5432/forgotmymeds-3693f-database?sslmode=disable","database":"forgotmymeds-3693f-database","serviceId":"forgotmymeds-3693f-service"}
[debug] [2026-04-08T17:50:25.472Z] *** [apiv2] error from fetch(http://127.0.0.1:9399/emulator/configure, {"headers":{},"method":"POST","body":"{\"connectionString\":\"postgres://127.0.0.1:5432/forgotmymeds-3693f-database?sslmode=disable\",\"database\":\"forgotmymeds-3693f-database\",\"serviceId\":\"forgotmymeds-3693f-service\"}"}): FetchError: request to http://127.0.0.1:9399/emulator/configure failed, reason: connect ECONNREFUSED 127.0.0.1:9399
[debug] [2026-04-08T17:50:25.472Z] [Data Connect] Retrying connectToPostgress call (1 of 3 attempts): FirebaseError: Data Connect emulator: undefined
[debug] [2026-04-08T17:50:25.516Z] I0408 13:50:25.515246   23855 load.go:31] Reloading schema and connectors...
 {"metadata":{"emulator":{"name":"dataconnect"},"message":"I0408 13:50:25.515246   23855 load.go:31] Reloading schema and connectors...\n"}}
[debug] [2026-04-08T17:50:25.549Z] I0408 13:50:25.548502   23855 control.go:100] [projects/emulator/locations/emulator/services/forgotmymeds-3693f-service fb3d] UpdateResources(): done
Main schema: sources: schema/schema.gql [668B] 
Connector "example": sources: 
 {"metadata":{"emulator":{"name":"dataconnect"},"message":"I0408 13:50:25.548502   23855 control.go:100] [projects/emulator/locations/emulator/services/forgotmymeds-3693f-service fb3d] UpdateResources(): done\nMain schema: sources: schema/schema.gql [668B] \nConnector \"example\": sources: \n"}}
[debug] [2026-04-08T17:50:25.565Z] E0408 13:50:25.565662   23855 load.go:95] Errors generating SDK: [connector "example"]: invalid Data Connect Connector no query found in connector
 {"metadata":{"emulator":{"name":"dataconnect"},"message":"E0408 13:50:25.565662   23855 load.go:95] Errors generating SDK: [connector \"example\"]: invalid Data Connect Connector no query found in connector\n"}}
[debug] [2026-04-08T17:50:25.567Z] I0408 13:50:25.566861   23855 collector.go:107] schema extensions wrote into "/Users/konnaa/VisualStudioProjects/ForgotMyMeds/dataconnect/.dataconnect/schema"
Generated sources: prelude.gql [80888B] main/query.gql [5059B] main/mutation.gql [13808B] main/implicit.gql [1835B] main/input.gql [41198B] main/relation.gql [20686B] 
 {"metadata":{"emulator":{"name":"dataconnect"},"message":"I0408 13:50:25.566861   23855 collector.go:107] schema extensions wrote into \"/Users/konnaa/VisualStudioProjects/ForgotMyMeds/dataconnect/.dataconnect/schema\"\nGenerated sources: prelude.gql [80888B] main/query.gql [5059B] main/mutation.gql [13808B] main/implicit.gql [1835B] main/input.gql [41198B] main/relation.gql [20686B] \n"}}
[debug] [2026-04-08T17:50:25.567Z] I0408 13:50:25.567177   23855 load.go:109] Finished reloading
 {"metadata":{"emulator":{"name":"dataconnect"},"message":"I0408 13:50:25.567177   23855 load.go:109] Finished reloading\n"}}
[debug] [2026-04-08T17:50:25.578Z] I0408 13:50:25.576585   23855 dev.go:104] Listening on address (HTTP + gRPC): 127.0.0.1:9399
 {"metadata":{"emulator":{"name":"dataconnect"},"message":"I0408 13:50:25.576585   23855 dev.go:104] Listening on address (HTTP + gRPC): 127.0.0.1:9399\n"}}
[debug] [2026-04-08T17:50:25.579Z] I0408 13:50:25.578435   23855 dev.go:104] Listening on address (HTTP + gRPC): [::1]:9399
 {"metadata":{"emulator":{"name":"dataconnect"},"message":"I0408 13:50:25.578435   23855 dev.go:104] Listening on address (HTTP + gRPC): [::1]:9399\n"}}
[debug] [2026-04-08T17:50:27.475Z] [Data Connect] Connecting to postgres://127.0.0.1:5432/forgotmymeds-3693f-database?sslmode=disable}...
[debug] [2026-04-08T17:50:27.476Z] >>> [apiv2][query] POST http://127.0.0.1:9399/emulator/configure [none]
[debug] [2026-04-08T17:50:27.477Z] >>> [apiv2][body] POST http://127.0.0.1:9399/emulator/configure {"connectionString":"postgres://127.0.0.1:5432/forgotmymeds-3693f-database?sslmode=disable","database":"forgotmymeds-3693f-database","serviceId":"forgotmymeds-3693f-service"}
[debug] [2026-04-08T17:50:30.724Z] I0408 13:50:30.723490   23855 migrate.go:24] Running migration SQL:
Step 1: CREATE EXTENSION IF NOT EXISTS "uuid-ossp"
Step 2: CREATE TABLE "public"."user" ("id" uuid NOT NULL DEFAULT uuid_generate_v4(), "created_at" timestamptz NOT NULL, "display_name" text NULL, "user_id" text NOT NULL, PRIMARY KEY ("id"))
Step 3: CREATE UNIQUE INDEX "user_userId_uidx" ON "public"."user" ("user_id")
Step 4: CREATE TABLE "public"."medication" ("id" uuid NOT NULL DEFAULT uuid_generate_v4(), "user_id" uuid NOT NULL, "capsule_quantity" integer NOT NULL, "created_at" timestamptz NOT NULL, "dose" text NOT NULL, "name" text NOT NULL, "notes" text NULL, "takes_afternoon" boolean NOT NULL, "takes_evening" boolean NOT NULL, "takes_morning" boolean NOT NULL, PRIMARY KEY ("id"), CONSTRAINT "medication_user_id_fkey" FOREIGN KEY ("user_id") REFERENCES "public"."user" ("id") ON DELETE CASCADE)
Step 5: CREATE INDEX "medication_userId_idx" ON "public"."medication" ("user_id")
Step 6: CREATE TABLE "public"."adherence_record" ("user_id" uuid NOT NULL, "medication_id" uuid NOT NULL, "date" date NOT NULL, "time_slot" text NOT NULL, "created_at" timestamptz NOT NULL, "taken" boolean NOT NULL, "taken_at" timestamptz NULL, PRIMARY KEY ("user_id", "medication_id", "date", "time_slot"), CONSTRAINT "adherence_record_medication_id_fkey" FOREIGN KEY ("medication_id") REFERENCES "public"."medication" ("id") ON DELETE CASCADE, CONSTRAINT "adherence_record_user_id_fkey" FOREIGN KEY ("user_id") REFERENCES "public"."user" ("id") ON DELETE CASCADE)
Step 7: CREATE INDEX "adherence_record_medicationId_idx" ON "public"."adherence_record" ("medication_id")
Step 8: CREATE INDEX "adherence_record_userId_idx" ON "public"."adherence_record" ("user_id")
Step 9: CREATE TABLE "public"."friendship" ("requestor_id" uuid NOT NULL, "recipient_id" uuid NOT NULL, "created_at" timestamptz NOT NULL, "status" text NOT NULL, PRIMARY KEY ("requestor_id", "recipient_id"), CONSTRAINT "friendship_recipient_id_fkey" FOREIGN KEY ("recipient_id") REFERENCES "public"."user" ("id") ON DELETE CASCADE, CONSTRAINT "friendship_requestor_id_fkey" FOREIGN KEY ("requestor_id") REFERENCES "public"."user" ("id") ON DELETE CASCADE)
Step 10: CREATE INDEX "friendship_recipientId_idx" ON "public"."friendship" ("recipient_id")
Step 11: CREATE INDEX "friendship_requestorId_idx" ON "public"."friendship" ("requestor_id")
 {"metadata":{"emulator":{"name":"dataconnect"},"message":"I0408 13:50:30.723490   23855 migrate.go:24] Running migration SQL:\nStep 1: CREATE EXTENSION IF NOT EXISTS \"uuid-ossp\"\nStep 2: CREATE TABLE \"public\".\"user\" (\"id\" uuid NOT NULL DEFAULT uuid_generate_v4(), \"created_at\" timestamptz NOT NULL, \"display_name\" text NULL, \"user_id\" text NOT NULL, PRIMARY KEY (\"id\"))\nStep 3: CREATE UNIQUE INDEX \"user_userId_uidx\" ON \"public\".\"user\" (\"user_id\")\nStep 4: CREATE TABLE \"public\".\"medication\" (\"id\" uuid NOT NULL DEFAULT uuid_generate_v4(), \"user_id\" uuid NOT NULL, \"capsule_quantity\" integer NOT NULL, \"created_at\" timestamptz NOT NULL, \"dose\" text NOT NULL, \"name\" text NOT NULL, \"notes\" text NULL, \"takes_afternoon\" boolean NOT NULL, \"takes_evening\" boolean NOT NULL, \"takes_morning\" boolean NOT NULL, PRIMARY KEY (\"id\"), CONSTRAINT \"medication_user_id_fkey\" FOREIGN KEY (\"user_id\") REFERENCES \"public\".\"user\" (\"id\") ON DELETE CASCADE)\nStep 5: CREATE INDEX \"medication_userId_idx\" ON \"public\".\"medication\" (\"user_id\")\nStep 6: CREATE TABLE \"public\".\"adherence_record\" (\"user_id\" uuid NOT NULL, \"medication_id\" uuid NOT NULL, \"date\" date NOT NULL, \"time_slot\" text NOT NULL, \"created_at\" timestamptz NOT NULL, \"taken\" boolean NOT NULL, \"taken_at\" timestamptz NULL, PRIMARY KEY (\"user_id\", \"medication_id\", \"date\", \"time_slot\"), CONSTRAINT \"adherence_record_medication_id_fkey\" FOREIGN KEY (\"medication_id\") REFERENCES \"public\".\"medication\" (\"id\") ON DELETE CASCADE, CONSTRAINT \"adherence_record_user_id_fkey\" FOREIGN KEY (\"user_id\") REFERENCES \"public\".\"user\" (\"id\") ON DELETE CASCADE)\nStep 7: CREATE INDEX \"adherence_record_medicationId_idx\" ON \"public\".\"adherence_record\" (\"medication_id\")\nStep 8: CREATE INDEX \"adherence_record_userId_idx\" ON \"public\".\"adherence_record\" (\"user_id\")\nStep 9: CREATE TABLE \"public\".\"friendship\" (\"requestor_id\" uuid NOT NULL, \"recipient_id\" uuid NOT NULL, \"created_at\" timestamptz NOT NULL, \"status\" text NOT NULL, PRIMARY KEY (\"requestor_id\", \"recipient_id\"), CONSTRAINT \"friendship_recipient_id_fkey\" FOREIGN KEY (\"recipient_id\") REFERENCES \"public\".\"user\" (\"id\") ON DELETE CASCADE, CONSTRAINT \"friendship_requestor_id_fkey\" FOREIGN KEY (\"requestor_id\") REFERENCES \"public\".\"user\" (\"id\") ON DELETE CASCADE)\nStep 10: CREATE INDEX \"friendship_recipientId_idx\" ON \"public\".\"friendship\" (\"recipient_id\")\nStep 11: CREATE INDEX \"friendship_requestorId_idx\" ON \"public\".\"friendship\" (\"requestor_id\")\n"}}
[debug] [2026-04-08T17:50:30.992Z] I0408 13:50:30.992284   23855 control.go:100] [projects/emulator/locations/emulator/services/forgotmymeds-3693f-service 1a5a] UpdateResources(): done
Main schema: sources: schema/schema.gql [668B] 
Connector "example": sources: 
 {"metadata":{"emulator":{"name":"dataconnect"},"message":"I0408 13:50:30.992284   23855 control.go:100] [projects/emulator/locations/emulator/services/forgotmymeds-3693f-service 1a5a] UpdateResources(): done\nMain schema: sources: schema/schema.gql [668B] \nConnector \"example\": sources: \n"}}
[debug] [2026-04-08T17:50:31.000Z] I0408 13:50:31.000353   23855 configure_emulator.go:21] ConfigureEmulator successed
Request: service_id:  "forgotmymeds-3693f-service"
connection_string:  "postgres://127.0.0.1:5432/forgotmymeds-3693f-database?sslmode=disable"
database:  "forgotmymeds-3693f-database"

Response: 
 {"metadata":{"emulator":{"name":"dataconnect"},"message":"I0408 13:50:31.000353   23855 configure_emulator.go:21] ConfigureEmulator successed\nRequest: service_id:  \"forgotmymeds-3693f-service\"\nconnection_string:  \"postgres://127.0.0.1:5432/forgotmymeds-3693f-database?sslmode=disable\"\ndatabase:  \"forgotmymeds-3693f-database\"\n\nResponse: \n"}}
[debug] [2026-04-08T17:50:31.020Z] <<< [apiv2][status] POST http://127.0.0.1:9399/emulator/configure 200
[debug] [2026-04-08T17:50:31.020Z] <<< [apiv2][body] POST http://127.0.0.1:9399/emulator/configure {}
[debug] [2026-04-08T17:50:31.020Z] [Data Connect] Successfully connected to postgres://127.0.0.1:5432/forgotmymeds-3693f-database?sslmode=disable}
[warn] ⚠  emulators: The Emulator UI is not starting because none of the running emulators have a UI component. {"metadata":{"emulator":{"name":"hub"},"message":"The Emulator UI is not starting because none of the running emulators have a UI component."}}
[debug] [2026-04-08T17:50:31.031Z] >>> [apiv2][query] GET http://127.0.0.1:9399/emulator/info [none]
[debug] [2026-04-08T17:50:31.041Z] <<< [apiv2][status] GET http://127.0.0.1:9399/emulator/info 200
[debug] [2026-04-08T17:50:31.041Z] <<< [apiv2][body] GET http://127.0.0.1:9399/emulator/info {"version":"","services":[{"serviceId":"forgotmymeds-3693f-service","connectionString":"dbname='forgotmymeds-3693f-database' host='127.0.0.1' port='5432' sslmode='disable' dbname='forgotmymeds-3693f-database'"}]}
[info] 
┌─────────────────────────────────────────────────────────────┐
│ ✔  All emulators ready! It is now safe to connect your app. │
└─────────────────────────────────────────────────────────────┘

┌──────────────┬────────────────┐
│ Emulator     │ Host:Port      │
├──────────────┼────────────────┤
│ Data Connect │ 127.0.0.1:9399 │
└──────────────┴────────────────┘
  Emulator Hub host: 127.0.0.1 port: 4400
  Other reserved ports: 4500

Issues? Report them at https://github.com/firebase/firebase-tools/issues and attach the *-debug.log files.
 
[debug] [2026-04-08T17:51:13.868Z] Received signal SIGINT (Ctrl-C) 1
[info]  
[info] i  emulators: Received SIGINT (Ctrl-C) for the first time. Starting a clean shutdown. 
[info] i  emulators: Please wait for a clean shutdown or send the SIGINT (Ctrl-C) signal again to stop right now. 
[debug] [2026-04-08T17:51:13.893Z] Found emulator hub locator: {"version":"15.13.0","origins":["http://127.0.0.1:4400","http://[::1]:4400"],"pid":23832}
[debug] [2026-04-08T17:51:13.894Z] Delete emulator hub locator file: /var/folders/pq/3ftz_t5d4xq8xvpqkfzbktb80000gn/T/hub-forgotmymeds-3693f.json
[debug] [2026-04-08T17:51:13.896Z] Error: write EIO
    at afterWriteDispatched (node:internal/stream_base_commons:161:15)
    at writeGeneric (node:internal/stream_base_commons:152:3)
    at Socket._writeGeneric (node:net:958:11)
    at Socket._write (node:net:970:8)
    at writeOrBuffer (node:internal/streams/writable:572:12)
    at _write (node:internal/streams/writable:501:10)
    at Writable.write (node:internal/streams/writable:510:10)
    at Console.log (/Users/konnaa/.cache/firebase/tools/lib/node_modules/winston/lib/winston/transports/console.js:87:23)
    at Console._write (/Users/konnaa/.cache/firebase/tools/lib/node_modules/winston-transport/modern.js:103:17)
    at doWrite (/Users/konnaa/.cache/firebase/tools/lib/node_modules/winston-transport/node_modules/readable-stream/lib/_stream_writable.js:390:139)
[error] 
[error] Error: An unexpected error has occurred.
[debug] [2026-04-08T17:51:13.899Z] Error: write EIO
    at afterWriteDispatched (node:internal/stream_base_commons:161:15)
    at writeGeneric (node:internal/stream_base_commons:152:3)
    at Socket._writeGeneric (node:net:958:11)
    at Socket._write (node:net:970:8)
    at writeOrBuffer (node:internal/streams/writable:572:12)
    at _write (node:internal/streams/writable:501:10)
    at Writable.write (node:internal/streams/writable:510:10)
    at Console.log (/Users/konnaa/.cache/firebase/tools/lib/node_modules/winston/lib/winston/transports/console.js:87:23)
    at Console._write (/Users/konnaa/.cache/firebase/tools/lib/node_modules/winston-transport/modern.js:103:17)
    at doWrite (/Users/konnaa/.cache/firebase/tools/lib/node_modules/winston-transport/node_modules/readable-stream/lib/_stream_writable.js:390:139)
[error] 
[error] Error: An unexpected error has occurred.
[debug] [2026-04-08T17:51:13.899Z] Error: write EIO
    at afterWriteDispatched (node:internal/stream_base_commons:161:15)
    at writeGeneric (node:internal/stream_base_commons:152:3)
    at Socket._writeGeneric (node:net:958:11)
    at Socket._write (node:net:970:8)
    at writeOrBuffer (node:internal/streams/writable:572:12)
    at _write (node:internal/streams/writable:501:10)
    at Writable.write (node:internal/streams/writable:510:10)
    at Console.log (/Users/konnaa/.cache/firebase/tools/lib/node_modules/winston/lib/winston/transports/console.js:87:23)
    at Console._write (/Users/konnaa/.cache/firebase/tools/lib/node_modules/winston-transport/modern.js:103:17)
    at doWrite (/Users/konnaa/.cache/firebase/tools/lib/node_modules/winston-transport/node_modules/readable-stream/lib/_stream_writable.js:390:139)
[error] 
[error] Error: An unexpected error has occurred.
[debug] [2026-04-08T17:51:13.903Z] Error: write EIO
    at afterWriteDispatched (node:internal/stream_base_commons:161:15)
    at writeGeneric (node:internal/stream_base_commons:152:3)
    at Socket._writeGeneric (node:net:958:11)
    at Socket._write (node:net:970:8)
    at writeOrBuffer (node:internal/streams/writable:572:12)
    at _write (node:internal/streams/writable:501:10)
    at Writable.write (node:internal/streams/writable:510:10)
    at Console.log (/Users/konnaa/.cache/firebase/tools/lib/node_modules/winston/lib/winston/transports/console.js:87:23)
    at Console._write (/Users/konnaa/.cache/firebase/tools/lib/node_modules/winston-transport/modern.js:103:17)
    at doWrite (/Users/konnaa/.cache/firebase/tools/lib/node_modules/winston-transport/node_modules/readable-stream/lib/_stream_writable.js:390:139)
[error] 
[error] Error: An unexpected error has occurred.
[debug] [2026-04-08T17:51:13.903Z] Error: write EIO
    at afterWriteDispatched (node:internal/stream_base_commons:161:15)
    at writeGeneric (node:internal/stream_base_commons:152:3)
    at Socket._writeGeneric (node:net:958:11)
    at Socket._write (node:net:970:8)
    at writeOrBuffer (node:internal/streams/writable:572:12)
    at _write (node:internal/streams/writable:501:10)
    at Writable.write (node:internal/streams/writable:510:10)
    at Console.log (/Users/konnaa/.cache/firebase/tools/lib/node_modules/winston/lib/winston/transports/console.js:87:23)
    at Console._write (/Users/konnaa/.cache/firebase/tools/lib/node_modules/winston-transport/modern.js:103:17)
    at doWrite (/Users/konnaa/.cache/firebase/tools/lib/node_modules/winston-transport/node_modules/readable-stream/lib/_stream_writable.js:390:139)
[error] 
[error] Error: An unexpected error has occurred.
[debug] [2026-04-08T17:51:13.903Z] Error: write EIO
    at afterWriteDispatched (node:internal/stream_base_commons:161:15)
    at writeGeneric (node:internal/stream_base_commons:152:3)
    at Socket._writeGeneric (node:net:958:11)
    at Socket._write (node:net:970:8)
    at writeOrBuffer (node:internal/streams/writable:572:12)
    at _write (node:internal/streams/writable:501:10)
    at Writable.write (node:internal/streams/writable:510:10)
    at Console.log (/Users/konnaa/.cache/firebase/tools/lib/node_modules/winston/lib/winston/transports/console.js:87:23)
    at Console._write (/Users/konnaa/.cache/firebase/tools/lib/node_modules/winston-transport/modern.js:103:17)
    at doWrite (/Users/konnaa/.cache/firebase/tools/lib/node_modules/winston-transport/node_modules/readable-stream/lib/_stream_writable.js:390:139)
[error] 
[error] Error: An unexpected error has occurred.
[debug] [2026-04-08T17:51:13.904Z] Error: write EIO
    at afterWriteDispatched (node:internal/stream_base_commons:161:15)
    at writeGeneric (node:internal/stream_base_commons:152:3)
    at Socket._writeGeneric (node:net:958:11)
    at Socket._write (node:net:970:8)
    at writeOrBuffer (node:internal/streams/writable:572:12)
    at _write (node:internal/streams/writable:501:10)
    at Writable.write (node:internal/streams/writable:510:10)
    at Console.log (/Users/konnaa/.cache/firebase/tools/lib/node_modules/winston/lib/winston/transports/console.js:87:23)
    at Console._write (/Users/konnaa/.cache/firebase/tools/lib/node_modules/winston-transport/modern.js:103:17)
    at doWrite (/Users/konnaa/.cache/firebase/tools/lib/node_modules/winston-transport/node_modules/readable-stream/lib/_stream_writable.js:390:139)
[error] 
[error] Error: An unexpected error has occurred.
[debug] [2026-04-08T17:51:13.905Z] Error: write EIO
    at afterWriteDispatched (node:internal/stream_base_commons:161:15)
    at writeGeneric (node:internal/stream_base_commons:152:3)
    at Socket._writeGeneric (node:net:958:11)
    at Socket._write (node:net:970:8)
    at writeOrBuffer (node:internal/streams/writable:572:12)
    at _write (node:internal/streams/writable:501:10)
    at Writable.write (node:internal/streams/writable:510:10)
    at Console.log (/Users/konnaa/.cache/firebase/tools/lib/node_modules/winston/lib/winston/transports/console.js:87:23)
    at Console._write (/Users/konnaa/.cache/firebase/tools/lib/node_modules/winston-transport/modern.js:103:17)
    at doWrite (/Users/konnaa/.cache/firebase/tools/lib/node_modules/winston-transport/node_modules/readable-stream/lib/_stream_writable.js:390:139)
[error] 
[error] Error: An unexpected error has occurred.
[debug] [2026-04-08T17:51:13.906Z] Error: write EIO
    at afterWriteDispatched (node:internal/stream_base_commons:161:15)
    at writeGeneric (node:internal/stream_base_commons:152:3)
    at Socket._writeGeneric (node:net:958:11)
    at Socket._write (node:net:970:8)
    at writeOrBuffer (node:internal/streams/writable:572:12)
    at _write (node:internal/streams/writable:501:10)
    at Writable.write (node:internal/streams/writable:510:10)
    at Console.log (/Users/konnaa/.cache/firebase/tools/lib/node_modules/winston/lib/winston/transports/console.js:87:23)
    at Console._write (/Users/konnaa/.cache/firebase/tools/lib/node_modules/winston-transport/modern.js:103:17)
    at doWrite (/Users/konnaa/.cache/firebase/tools/lib/node_modules/winston-transport/node_modules/readable-stream/lib/_stream_writable.js:390:139)
[error] 
[error] Error: An unexpected error has occurred.
[debug] [2026-04-08T17:51:13.906Z] Error: write EIO
    at afterWriteDispatched (node:internal/stream_base_commons:161:15)
    at writeGeneric (node:internal/stream_base_commons:152:3)
    at Socket._writeGeneric (node:net:958:11)
    at Socket._write (node:net:970:8)
    at writeOrBuffer (node:internal/streams/writable:572:12)
    at _write (node:internal/streams/writable:501:10)
    at Writable.write (node:internal/streams/writable:510:10)
    at Console.log (/Users/konnaa/.cache/firebase/tools/lib/node_modules/winston/lib/winston/transports/console.js:87:23)
    at Console._write (/Users/konnaa/.cache/firebase/tools/lib/node_modules/winston-transport/modern.js:103:17)
    at doWrite (/Users/konnaa/.cache/firebase/tools/lib/node_modules/winston-transport/node_modules/readable-stream/lib/_stream_writable.js:390:139)
[error] 
[error] Error: An unexpected error has occurred.
[debug] [2026-04-08T17:51:13.907Z] Error: write EIO
    at afterWriteDispatched (node:internal/stream_base_commons:161:15)
    at writeGeneric (node:internal/stream_base_commons:152:3)
    at Socket._writeGeneric (node:net:958:11)
    at Socket._write (node:net:970:8)
    at writeOrBuffer (node:internal/streams/writable:572:12)
    at _write (node:internal/streams/writable:501:10)
    at Writable.write (node:internal/streams/writable:510:10)
    at Console.log (/Users/konnaa/.cache/firebase/tools/lib/node_modules/winston/lib/winston/transports/console.js:87:23)
    at Console._write (/Users/konnaa/.cache/firebase/tools/lib/node_modules/winston-transport/modern.js:103:17)
    at doWrite (/Users/konnaa/.cache/firebase/tools/lib/node_modules/winston-transport/node_modules/readable-stream/lib/_stream_writable.js:390:139)
[error] 
[error] Error: An unexpected error has occurred.
[debug] [2026-04-08T17:51:13.909Z] Error: write EIO
    at afterWriteDispatched (node:internal/stream_base_commons:161:15)
    at writeGeneric (node:internal/stream_base_commons:152:3)
    at Socket._writeGeneric (node:net:958:11)
    at Socket._write (node:net:970:8)
    at writeOrBuffer (node:internal/streams/writable:572:12)
    at _write (node:internal/streams/writable:501:10)
    at Writable.write (node:internal/streams/writable:510:10)
    at Console.log (/Users/konnaa/.cache/firebase/tools/lib/node_modules/winston/lib/winston/transports/console.js:87:23)
    at Console._write (/Users/konnaa/.cache/firebase/tools/lib/node_modules/winston-transport/modern.js:103:17)
    at doWrite (/Users/konnaa/.cache/firebase/tools/lib/node_modules/winston-transport/node_modules/readable-stream/lib/_stream_writable.js:390:139)
[error] 
[error] Error: An unexpected error has occurred.
[debug] [2026-04-08T17:51:13.909Z] Error: write EIO
    at afterWriteDispatched (node:internal/stream_base_commons:161:15)
    at writeGeneric (node:internal/stream_base_commons:152:3)
    at Socket._writeGeneric (node:net:958:11)
    at Socket._write (node:net:970:8)
    at writeOrBuffer (node:internal/streams/writable:572:12)
    at _write (node:internal/streams/writable:501:10)
    at Writable.write (node:internal/streams/writable:510:10)
    at Console.log (/Users/konnaa/.cache/firebase/tools/lib/node_modules/winston/lib/winston/transports/console.js:87:23)
    at Console._write (/Users/konnaa/.cache/firebase/tools/lib/node_modules/winston-transport/modern.js:103:17)
    at doWrite (/Users/konnaa/.cache/firebase/tools/lib/node_modules/winston-transport/node_modules/readable-stream/lib/_stream_writable.js:390:139)
[error] 
[error] Error: An unexpected error has occurred.
[debug] [2026-04-08T17:51:13.909Z] Error: write EIO
    at afterWriteDispatched (node:internal/stream_base_commons:161:15)
    at writeGeneric (node:internal/stream_base_commons:152:3)
    at Socket._writeGeneric (node:net:958:11)
    at Socket._write (node:net:970:8)
    at writeOrBuffer (node:internal/streams/writable:572:12)
    at _write (node:internal/streams/writable:501:10)
    at Writable.write (node:internal/streams/writable:510:10)
    at Console.log (/Users/konnaa/.cache/firebase/tools/lib/node_modules/winston/lib/winston/transports/console.js:87:23)
    at Console._write (/Users/konnaa/.cache/firebase/tools/lib/node_modules/winston-transport/modern.js:103:17)
    at doWrite (/Users/konnaa/.cache/firebase/tools/lib/node_modules/winston-transport/node_modules/readable-stream/lib/_stream_writable.js:390:139)
[error] 
[error] Error: An unexpected error has occurred.
[debug] [2026-04-08T17:51:13.910Z] Error: write EIO
    at afterWriteDispatched (node:internal/stream_base_commons:161:15)
    at writeGeneric (node:internal/stream_base_commons:152:3)
    at Socket._writeGeneric (node:net:958:11)
    at Socket._write (node:net:970:8)
    at writeOrBuffer (node:internal/streams/writable:572:12)
    at _write (node:internal/streams/writable:501:10)
    at Writable.write (node:internal/streams/writable:510:10)
    at Console.log (/Users/konnaa/.cache/firebase/tools/lib/node_modules/winston/lib/winston/transports/console.js:87:23)
    at Console._write (/Users/konnaa/.cache/firebase/tools/lib/node_modules/winston-transport/modern.js:103:17)
    at doWrite (/Users/konnaa/.cache/firebase/tools/lib/node_modules/winston-transport/node_modules/readable-stream/lib/_stream_writable.js:390:139)
[error] 
[error] Error: An unexpected error has occurred.
[debug] [2026-04-08T17:51:13.913Z] Error: write EIO
    at afterWriteDispatched (node:internal/stream_base_commons:161:15)
    at writeGeneric (node:internal/stream_base_commons:152:3)
    at Socket._writeGeneric (node:net:958:11)
    at Socket._write (node:net:970:8)
    at writeOrBuffer (node:internal/streams/writable:572:12)
    at _write (node:internal/streams/writable:501:10)
    at Writable.write (node:internal/streams/writable:510:10)
    at Console.log (/Users/konnaa/.cache/firebase/tools/lib/node_modules/winston/lib/winston/transports/console.js:87:23)
    at Console._write (/Users/konnaa/.cache/firebase/tools/lib/node_modules/winston-transport/modern.js:103:17)
    at doWrite (/Users/konnaa/.cache/firebase/tools/lib/node_modules/winston-transport/node_modules/readable-stream/lib/_stream_writable.js:390:139)
[error] 
[error] Error: An unexpected error has occurred.
[debug] [2026-04-08T17:51:13.914Z] Error: write EIO
    at afterWriteDispatched (node:internal/stream_base_commons:161:15)
    at writeGeneric (node:internal/stream_base_commons:152:3)
    at Socket._writeGeneric (node:net:958:11)
    at Socket._write (node:net:970:8)
    at writeOrBuffer (node:internal/streams/writable:572:12)
    at _write (node:internal/streams/writable:501:10)
    at Writable.write (node:internal/streams/writable:510:10)
    at Console.log (/Users/konnaa/.cache/firebase/tools/lib/node_modules/winston/lib/winston/transports/console.js:87:23)
    at Console._write (/Users/konnaa/.cache/firebase/tools/lib/node_modules/winston-transport/modern.js:103:17)
    at doWrite (/Users/konnaa/.cache/firebase/tools/lib/node_modules/winston-transport/node_modules/readable-stream/lib/_stream_writable.js:390:139)
[error] 
[error] Error: An unexpected error has occurred.
[debug] [2026-04-08T17:51:13.915Z] Error: write EIO
    at afterWriteDispatched (node:internal/stream_base_commons:161:15)
    at writeGeneric (node:internal/stream_base_commons:152:3)
    at Socket._writeGeneric (node:net:958:11)
    at Socket._write (node:net:970:8)
    at writeOrBuffer (node:internal/streams/writable:572:12)
    at _write (node:internal/streams/writable:501:10)
    at Writable.write (node:internal/streams/writable:510:10)
    at Console.log (/Users/konnaa/.cache/firebase/tools/lib/node_modules/winston/lib/winston/transports/console.js:87:23)
    at Console._write (/Users/konnaa/.cache/firebase/tools/lib/node_modules/winston-transport/modern.js:103:17)
    at doWrite (/Users/konnaa/.cache/firebase/tools/lib/node_modules/winston-transport/node_modules/readable-stream/lib/_stream_writable.js:390:139)
[error] 
[error] Error: An unexpected error has occurred.
[debug] [2026-04-08T17:51:13.923Z] Error: write EIO
    at afterWriteDispatched (node:internal/stream_base_commons:161:15)
    at writeGeneric (node:internal/stream_base_commons:152:3)
    at Socket._writeGeneric (node:net:958:11)
    at Socket._write (node:net:970:8)
    at writeOrBuffer (node:internal/streams/writable:572:12)
    at _write (node:internal/streams/writable:501:10)
    at Writable.write (node:internal/streams/writable:510:10)
    at Console.log (/Users/konnaa/.cache/firebase/tools/lib/node_modules/winston/lib/winston/transports/console.js:87:23)
    at Console._write (/Users/konnaa/.cache/firebase/tools/lib/node_modules/winston-transport/modern.js:103:17)
    at doWrite (/Users/konnaa/.cache/firebase/tools/lib/node_modules/winston-transport/node_modules/readable-stream/lib/_stream_writable.js:390:139)
[error] 
[error] Error: An unexpected error has occurred.
[debug] [2026-04-08T17:51:13.925Z] Error: write EIO
    at afterWriteDispatched (node:internal/stream_base_commons:161:15)
    at writeGeneric (node:internal/stream_base_commons:152:3)
    at Socket._writeGeneric (node:net:958:11)
    at Socket._write (node:net:970:8)
    at writeOrBuffer (node:internal/streams/writable:572:12)
    at _write (node:internal/streams/writable:501:10)
    at Writable.write (node:internal/streams/writable:510:10)
    at Console.log (/Users/konnaa/.cache/firebase/tools/lib/node_modules/winston/lib/winston/transports/console.js:87:23)
    at Console._write (/Users/konnaa/.cache/firebase/tools/lib/node_modules/winston-transport/modern.js:103:17)
    at doWrite (/Users/konnaa/.cache/firebase/tools/lib/node_modules/winston-transport/node_modules/readable-stream/lib/_stream_writable.js:390:139)
[error] 
[error] Error: An unexpected error has occurred.
[debug] [2026-04-08T17:51:13.926Z] Error: write EIO
    at afterWriteDispatched (node:internal/stream_base_commons:161:15)
    at writeGeneric (node:internal/stream_base_commons:152:3)
    at Socket._writeGeneric (node:net:958:11)
    at Socket._write (node:net:970:8)
    at writeOrBuffer (node:internal/streams/writable:572:12)
    at _write (node:internal/streams/writable:501:10)
    at Writable.write (node:internal/streams/writable:510:10)
    at Console.log (/Users/konnaa/.cache/firebase/tools/lib/node_modules/winston/lib/winston/transports/console.js:87:23)
    at Console._write (/Users/konnaa/.cache/firebase/tools/lib/node_modules/winston-transport/modern.js:103:17)
    at doWrite (/Users/konnaa/.cache/firebase/tools/lib/node_modules/winston-transport/node_modules/readable-stream/lib/_stream_writable.js:390:139)
[error] 
[error] Error: An unexpected error has occurred.
[debug] [2026-04-08T17:51:13.926Z] Received signal SIGHUP 1
[info]  
[info] i  emulators: Received SIGHUP for the first time. Starting a clean shutdown. 
[info] i  emulators: Please wait for a clean shutdown or send the SIGHUP signal again to stop right now. 
[debug] [2026-04-08T17:51:13.926Z] Error: write EIO
    at afterWriteDispatched (node:internal/stream_base_commons:161:15)
    at writeGeneric (node:internal/stream_base_commons:152:3)
    at Socket._writeGeneric (node:net:958:11)
    at Socket._write (node:net:970:8)
    at writeOrBuffer (node:internal/streams/writable:572:12)
    at _write (node:internal/streams/writable:501:10)
    at Writable.write (node:internal/streams/writable:510:10)
    at Console.log (/Users/konnaa/.cache/firebase/tools/lib/node_modules/winston/lib/winston/transports/console.js:87:23)
    at Console._write (/Users/konnaa/.cache/firebase/tools/lib/node_modules/winston-transport/modern.js:103:17)
    at doWrite (/Users/konnaa/.cache/firebase/tools/lib/node_modules/winston-transport/node_modules/readable-stream/lib/_stream_writable.js:390:139)
[error] 
[error] Error: An unexpected error has occurred.
[debug] [2026-04-08T17:51:13.926Z] Error: write EIO
    at afterWriteDispatched (node:internal/stream_base_commons:161:15)
    at writeGeneric (node:internal/stream_base_commons:152:3)
    at Socket._writeGeneric (node:net:958:11)
    at Socket._write (node:net:970:8)
    at writeOrBuffer (node:internal/streams/writable:572:12)
    at _write (node:internal/streams/writable:501:10)
    at Writable.write (node:internal/streams/writable:510:10)
    at Console.log (/Users/konnaa/.cache/firebase/tools/lib/node_modules/winston/lib/winston/transports/console.js:87:23)
    at Console._write (/Users/konnaa/.cache/firebase/tools/lib/node_modules/winston-transport/modern.js:103:17)
    at doWrite (/Users/konnaa/.cache/firebase/tools/lib/node_modules/winston-transport/node_modules/readable-stream/lib/_stream_writable.js:390:139)
[error] 
[error] Error: An unexpected error has occurred.
[debug] [2026-04-08T17:51:13.927Z] Error: write EIO
    at afterWriteDispatched (node:internal/stream_base_commons:161:15)
    at writeGeneric (node:internal/stream_base_commons:152:3)
    at Socket._writeGeneric (node:net:958:11)
    at Socket._write (node:net:970:8)
    at writeOrBuffer (node:internal/streams/writable:572:12)
    at _write (node:internal/streams/writable:501:10)
    at Writable.write (node:internal/streams/writable:510:10)
    at Console.log (/Users/konnaa/.cache/firebase/tools/lib/node_modules/winston/lib/winston/transports/console.js:87:23)
    at Console._write (/Users/konnaa/.cache/firebase/tools/lib/node_modules/winston-transport/modern.js:103:17)
    at doWrite (/Users/konnaa/.cache/firebase/tools/lib/node_modules/winston-transport/node_modules/readable-stream/lib/_stream_writable.js:390:139)
[error] 
[error] Error: An unexpected error has occurred.
[debug] [2026-04-08T17:51:13.927Z] Error: write EIO
    at afterWriteDispatched (node:internal/stream_base_commons:161:15)
    at writeGeneric (node:internal/stream_base_commons:152:3)
    at Socket._writeGeneric (node:net:958:11)
    at Socket._write (node:net:970:8)
    at writeOrBuffer (node:internal/streams/writable:572:12)
    at _write (node:internal/streams/writable:501:10)
    at Writable.write (node:internal/streams/writable:510:10)
    at Console.log (/Users/konnaa/.cache/firebase/tools/lib/node_modules/winston/lib/winston/transports/console.js:87:23)
    at Console._write (/Users/konnaa/.cache/firebase/tools/lib/node_modules/winston-transport/modern.js:103:17)
    at doWrite (/Users/konnaa/.cache/firebase/tools/lib/node_modules/winston-transport/node_modules/readable-stream/lib/_stream_writable.js:390:139)
[error] 
[error] Error: An unexpected error has occurred.
[debug] [2026-04-08T17:51:13.927Z] Error: write EIO
    at afterWriteDispatched (node:internal/stream_base_commons:161:15)
    at writeGeneric (node:internal/stream_base_commons:152:3)
    at Socket._writeGeneric (node:net:958:11)
    at Socket._write (node:net:970:8)
    at writeOrBuffer (node:internal/streams/writable:572:12)
    at _write (node:internal/streams/writable:501:10)
    at Writable.write (node:internal/streams/writable:510:10)
    at Console.log (/Users/konnaa/.cache/firebase/tools/lib/node_modules/winston/lib/winston/transports/console.js:87:23)
    at Console._write (/Users/konnaa/.cache/firebase/tools/lib/node_modules/winston-transport/modern.js:103:17)
    at doWrite (/Users/konnaa/.cache/firebase/tools/lib/node_modules/winston-transport/node_modules/readable-stream/lib/_stream_writable.js:390:139)
[error] 
[error] Error: An unexpected error has occurred.
[debug] [2026-04-08T17:51:13.927Z] Error: write EIO
    at afterWriteDispatched (node:internal/stream_base_commons:161:15)
    at writeGeneric (node:internal/stream_base_commons:152:3)
    at Socket._writeGeneric (node:net:958:11)
    at Socket._write (node:net:970:8)
    at writeOrBuffer (node:internal/streams/writable:572:12)
    at _write (node:internal/streams/writable:501:10)
    at Writable.write (node:internal/streams/writable:510:10)
    at Console.log (/Users/konnaa/.cache/firebase/tools/lib/node_modules/winston/lib/winston/transports/console.js:87:23)
    at Console._write (/Users/konnaa/.cache/firebase/tools/lib/node_modules/winston-transport/modern.js:103:17)
    at doWrite (/Users/konnaa/.cache/firebase/tools/lib/node_modules/winston-transport/node_modules/readable-stream/lib/_stream_writable.js:390:139)
[error] 
[error] Error: An unexpected error has occurred.
[debug] [2026-04-08T17:51:13.927Z] Error: write EIO
    at afterWriteDispatched (node:internal/stream_base_commons:161:15)
    at writeGeneric (node:internal/stream_base_commons:152:3)
    at Socket._writeGeneric (node:net:958:11)
    at Socket._write (node:net:970:8)
    at writeOrBuffer (node:internal/streams/writable:572:12)
    at _write (node:internal/streams/writable:501:10)
    at Writable.write (node:internal/streams/writable:510:10)
    at Console.log (/Users/konnaa/.cache/firebase/tools/lib/node_modules/winston/lib/winston/transports/console.js:87:23)
    at Console._write (/Users/konnaa/.cache/firebase/tools/lib/node_modules/winston-transport/modern.js:103:17)
    at doWrite (/Users/konnaa/.cache/firebase/tools/lib/node_modules/winston-transport/node_modules/readable-stream/lib/_stream_writable.js:390:139)
[error] 
[error] Error: An unexpected error has occurred.
[debug] [2026-04-08T17:51:13.927Z] Error: write EIO
    at afterWriteDispatched (node:internal/stream_base_commons:161:15)
    at writeGeneric (node:internal/stream_base_commons:152:3)
    at Socket._writeGeneric (node:net:958:11)
    at Socket._write (node:net:970:8)
    at writeOrBuffer (node:internal/streams/writable:572:12)
    at _write (node:internal/streams/writable:501:10)
    at Writable.write (node:internal/streams/writable:510:10)
    at Console.log (/Users/konnaa/.cache/firebase/tools/lib/node_modules/winston/lib/winston/transports/console.js:87:23)
    at Console._write (/Users/konnaa/.cache/firebase/tools/lib/node_modules/winston-transport/modern.js:103:17)
    at doWrite (/Users/konnaa/.cache/firebase/tools/lib/node_modules/winston-transport/node_modules/readable-stream/lib/_stream_writable.js:390:139)
[error] 
[error] Error: An unexpected error has occurred.
[debug] [2026-04-08T17:51:13.928Z] Error: write EIO
    at afterWriteDispatched (node:internal/stream_base_commons:161:15)
    at writeGeneric (node:internal/stream_base_commons:152:3)
    at Socket._writeGeneric (node:net:958:11)
    at Socket._write (node:net:970:8)
    at writeOrBuffer (node:internal/streams/writable:572:12)
    at _write (node:internal/streams/writable:501:10)
    at Writable.write (node:internal/streams/writable:510:10)
    at Console.log (/Users/konnaa/.cache/firebase/tools/lib/node_modules/winston/lib/winston/transports/console.js:87:23)
    at Console._write (/Users/konnaa/.cache/firebase/tools/lib/node_modules/winston-transport/modern.js:103:17)
    at doWrite (/Users/konnaa/.cache/firebase/tools/lib/node_modules/winston-transport/node_modules/readable-stream/lib/_stream_writable.js:390:139)
[error] 
[error] Error: An unexpected error has occurred.
[debug] [2026-04-08T17:51:13.928Z] Error: write EIO
    at afterWriteDispatched (node:internal/stream_base_commons:161:15)
    at writeGeneric (node:internal/stream_base_commons:152:3)
    at Socket._writeGeneric (node:net:958:11)
    at Socket._write (node:net:970:8)
    at writeOrBuffer (node:internal/streams/writable:572:12)
    at _write (node:internal/streams/writable:501:10)
    at Writable.write (node:internal/streams/writable:510:10)
    at Console.log (/Users/konnaa/.cache/firebase/tools/lib/node_modules/winston/lib/winston/transports/console.js:87:23)
    at Console._write (/Users/konnaa/.cache/firebase/tools/lib/node_modules/winston-transport/modern.js:103:17)
    at doWrite (/Users/konnaa/.cache/firebase/tools/lib/node_modules/winston-transport/node_modules/readable-stream/lib/_stream_writable.js:390:139)
[error] 
[error] Error: An unexpected error has occurred.
[debug] [2026-04-08T17:51:13.928Z] Error: write EIO
    at afterWriteDispatched (node:internal/stream_base_commons:161:15)
    at writeGeneric (node:internal/stream_base_commons:152:3)
    at Socket._writeGeneric (node:net:958:11)
    at Socket._write (node:net:970:8)
    at writeOrBuffer (node:internal/streams/writable:572:12)
    at _write (node:internal/streams/writable:501:10)
    at Writable.write (node:internal/streams/writable:510:10)
    at Console.log (/Users/konnaa/.cache/firebase/tools/lib/node_modules/winston/lib/winston/transports/console.js:87:23)
    at Console._write (/Users/konnaa/.cache/firebase/tools/lib/node_modules/winston-transport/modern.js:103:17)
    at doWrite (/Users/konnaa/.cache/firebase/tools/lib/node_modules/winston-transport/node_modules/readable-stream/lib/_stream_writable.js:390:139)
[error] 
[error] Error: An unexpected error has occurred.
[debug] [2026-04-08T17:51:13.928Z] Error: write EIO
    at afterWriteDispatched (node:internal/stream_base_commons:161:15)
    at writeGeneric (node:internal/stream_base_commons:152:3)
    at Socket._writeGeneric (node:net:958:11)
    at Socket._write (node:net:970:8)
    at writeOrBuffer (node:internal/streams/writable:572:12)
    at _write (node:internal/streams/writable:501:10)
    at Writable.write (node:internal/streams/writable:510:10)
    at Console.log (/Users/konnaa/.cache/firebase/tools/lib/node_modules/winston/lib/winston/transports/console.js:87:23)
    at Console._write (/Users/konnaa/.cache/firebase/tools/lib/node_modules/winston-transport/modern.js:103:17)
    at doWrite (/Users/konnaa/.cache/firebase/tools/lib/node_modules/winston-transport/node_modules/readable-stream/lib/_stream_writable.js:390:139)
[error] 
[error] Error: An unexpected error has occurred.
[debug] [2026-04-08T17:51:13.928Z] Error: write EIO
    at afterWriteDispatched (node:internal/stream_base_commons:161:15)
    at writeGeneric (node:internal/stream_base_commons:152:3)
    at Socket._writeGeneric (node:net:958:11)
    at Socket._write (node:net:970:8)
    at writeOrBuffer (node:internal/streams/writable:572:12)
    at _write (node:internal/streams/writable:501:10)
    at Writable.write (node:internal/streams/writable:510:10)
    at Console.log (/Users/konnaa/.cache/firebase/tools/lib/node_modules/winston/lib/winston/transports/console.js:87:23)
    at Console._write (/Users/konnaa/.cache/firebase/tools/lib/node_modules/winston-transport/modern.js:103:17)
    at doWrite (/Users/konnaa/.cache/firebase/tools/lib/node_modules/winston-transport/node_modules/readable-stream/lib/_stream_writable.js:390:139)
[error] 
[error] Error: An unexpected error has occurred.
[debug] [2026-04-08T17:51:13.929Z] Error: write EIO
    at afterWriteDispatched (node:internal/stream_base_commons:161:15)
    at writeGeneric (node:internal/stream_base_commons:152:3)
    at Socket._writeGeneric (node:net:958:11)
    at Socket._write (node:net:970:8)
    at writeOrBuffer (node:internal/streams/writable:572:12)
    at _write (node:internal/streams/writable:501:10)
    at Writable.write (node:internal/streams/writable:510:10)
    at Console.log (/Users/konnaa/.cache/firebase/tools/lib/node_modules/winston/lib/winston/transports/console.js:87:23)
    at Console._write (/Users/konnaa/.cache/firebase/tools/lib/node_modules/winston-transport/modern.js:103:17)
    at doWrite (/Users/konnaa/.cache/firebase/tools/lib/node_modules/winston-transport/node_modules/readable-stream/lib/_stream_writable.js:390:139)
[error] 
[error] Error: An unexpected error has occurred.
[debug] [2026-04-08T17:51:13.929Z] Error: write EIO
    at afterWriteDispatched (node:internal/stream_base_commons:161:15)
    at writeGeneric (node:internal/stream_base_commons:152:3)
    at Socket._writeGeneric (node:net:958:11)
    at Socket._write (node:net:970:8)
    at writeOrBuffer (node:internal/streams/writable:572:12)
    at _write (node:internal/streams/writable:501:10)
    at Writable.write (node:internal/streams/writable:510:10)
    at Console.log (/Users/konnaa/.cache/firebase/tools/lib/node_modules/winston/lib/winston/transports/console.js:87:23)
    at Console._write (/Users/konnaa/.cache/firebase/tools/lib/node_modules/winston-transport/modern.js:103:17)
    at doWrite (/Users/konnaa/.cache/firebase/tools/lib/node_modules/winston-transport/node_modules/readable-stream/lib/_stream_writable.js:390:139)
[error] 
[error] Error: An unexpected error has occurred.
[debug] [2026-04-08T17:51:13.929Z] Error: write EIO
    at afterWriteDispatched (node:internal/stream_base_commons:161:15)
    at writeGeneric (node:internal/stream_base_commons:152:3)
    at Socket._writeGeneric (node:net:958:11)
    at Socket._write (node:net:970:8)
    at writeOrBuffer (node:internal/streams/writable:572:12)
    at _write (node:internal/streams/writable:501:10)
    at Writable.write (node:internal/streams/writable:510:10)
    at Console.log (/Users/konnaa/.cache/firebase/tools/lib/node_modules/winston/lib/winston/transports/console.js:87:23)
    at Console._write (/Users/konnaa/.cache/firebase/tools/lib/node_modules/winston-transport/modern.js:103:17)
    at doWrite (/Users/konnaa/.cache/firebase/tools/lib/node_modules/winston-transport/node_modules/readable-stream/lib/_stream_writable.js:390:139)
[error] 
[error] Error: An unexpected error has occurred.
[debug] [2026-04-08T17:51:13.930Z] Error: write EIO
    at afterWriteDispatched (node:internal/stream_base_commons:161:15)
    at writeGeneric (node:internal/stream_base_commons:152:3)
    at Socket._writeGeneric (node:net:958:11)
    at Socket._write (node:net:970:8)
    at writeOrBuffer (node:internal/streams/writable:572:12)
    at _write (node:internal/streams/writable:501:10)
    at Writable.write (node:internal/streams/writable:510:10)
    at Console.log (/Users/konnaa/.cache/firebase/tools/lib/node_modules/winston/lib/winston/transports/console.js:87:23)
    at Console._write (/Users/konnaa/.cache/firebase/tools/lib/node_modules/winston-transport/modern.js:103:17)
    at doWrite (/Users/konnaa/.cache/firebase/tools/lib/node_modules/winston-transport/node_modules/readable-stream/lib/_stream_writable.js:390:139)
[error] 
[error] Error: An unexpected error has occurred.
[debug] [2026-04-08T17:51:13.930Z] Error: write EIO
    at afterWriteDispatched (node:internal/stream_base_commons:161:15)
    at writeGeneric (node:internal/stream_base_commons:152:3)
    at Socket._writeGeneric (node:net:958:11)
    at Socket._write (node:net:970:8)
    at writeOrBuffer (node:internal/streams/writable:572:12)
    at _write (node:internal/streams/writable:501:10)
    at Writable.write (node:internal/streams/writable:510:10)
    at Console.log (/Users/konnaa/.cache/firebase/tools/lib/node_modules/winston/lib/winston/transports/console.js:87:23)
    at Console._write (/Users/konnaa/.cache/firebase/tools/lib/node_modules/winston-transport/modern.js:103:17)
    at doWrite (/Users/konnaa/.cache/firebase/tools/lib/node_modules/winston-transport/node_modules/readable-stream/lib/_stream_writable.js:390:139)
[error] 
[error] Error: An unexpected error has occurred.
[debug] [2026-04-08T17:51:13.930Z] Error: write EIO
    at afterWriteDispatched (node:internal/stream_base_commons:161:15)
    at writeGeneric (node:internal/stream_base_commons:152:3)
    at Socket._writeGeneric (node:net:958:11)
    at Socket._write (node:net:970:8)
    at writeOrBuffer (node:internal/streams/writable:572:12)
    at _write (node:internal/streams/writable:501:10)
    at Writable.write (node:internal/streams/writable:510:10)
    at Console.log (/Users/konnaa/.cache/firebase/tools/lib/node_modules/winston/lib/winston/transports/console.js:87:23)
    at Console._write (/Users/konnaa/.cache/firebase/tools/lib/node_modules/winston-transport/modern.js:103:17)
    at doWrite (/Users/konnaa/.cache/firebase/tools/lib/node_modules/winston-transport/node_modules/readable-stream/lib/_stream_writable.js:390:139)
[error] 
[error] Error: An unexpected error has occurred.
[debug] [2026-04-08T17:51:13.935Z] Error: write EIO
    at afterWriteDispatched (node:internal/stream_base_commons:161:15)
    at writeGeneric (node:internal/stream_base_commons:152:3)
    at Socket._writeGeneric (node:net:958:11)
    at Socket._write (node:net:970:8)
    at writeOrBuffer (node:internal/streams/writable:572:12)
    at _write (node:internal/streams/writable:501:10)
    at Writable.write (node:internal/streams/writable:510:10)
    at Console.log (/Users/konnaa/.cache/firebase/tools/lib/node_modules/winston/lib/winston/transports/console.js:87:23)
    at Console._write (/Users/konnaa/.cache/firebase/tools/lib/node_modules/winston-transport/modern.js:103:17)
    at doWrite (/Users/konnaa/.cache/firebase/tools/lib/node_modules/winston-transport/node_modules/readable-stream/lib/_stream_writable.js:390:139)
[error] 
[error] Error: An unexpected error has occurred.
[debug] [2026-04-08T17:51:13.935Z] Error: write EIO
    at afterWriteDispatched (node:internal/stream_base_commons:161:15)
    at writeGeneric (node:internal/stream_base_commons:152:3)
    at Socket._writeGeneric (node:net:958:11)
    at Socket._write (node:net:970:8)
    at writeOrBuffer (node:internal/streams/writable:572:12)
    at _write (node:internal/streams/writable:501:10)
    at Writable.write (node:internal/streams/writable:510:10)
    at Console.log (/Users/konnaa/.cache/firebase/tools/lib/node_modules/winston/lib/winston/transports/console.js:87:23)
    at Console._write (/Users/konnaa/.cache/firebase/tools/lib/node_modules/winston-transport/modern.js:103:17)
    at doWrite (/Users/konnaa/.cache/firebase/tools/lib/node_modules/winston-transport/node_modules/readable-stream/lib/_stream_writable.js:390:139)
[error] 
[error] Error: An unexpected error has occurred.
[debug] [2026-04-08T17:51:13.935Z] Error: write EIO
    at afterWriteDispatched (node:internal/stream_base_commons:161:15)
    at writeGeneric (node:internal/stream_base_commons:152:3)
    at Socket._writeGeneric (node:net:958:11)
    at Socket._write (node:net:970:8)
    at writeOrBuffer (node:internal/streams/writable:572:12)
    at _write (node:internal/streams/writable:501:10)
    at Writable.write (node:internal/streams/writable:510:10)
    at Console.log (/Users/konnaa/.cache/firebase/tools/lib/node_modules/winston/lib/winston/transports/console.js:87:23)
    at Console._write (/Users/konnaa/.cache/firebase/tools/lib/node_modules/winston-transport/modern.js:103:17)
    at doWrite (/Users/konnaa/.cache/firebase/tools/lib/node_modules/winston-transport/node_modules/readable-stream/lib/_stream_writable.js:390:139)
[error] 
[error] Error: An unexpected error has occurred.
[debug] [2026-04-08T17:51:13.936Z] Error: write EIO
    at afterWriteDispatched (node:internal/stream_base_commons:161:15)
    at writeGeneric (node:internal/stream_base_commons:152:3)
    at Socket._writeGeneric (node:net:958:11)
    at Socket._write (node:net:970:8)
    at writeOrBuffer (node:internal/streams/writable:572:12)
    at _write (node:internal/streams/writable:501:10)
    at Writable.write (node:internal/streams/writable:510:10)
    at Console.log (/Users/konnaa/.cache/firebase/tools/lib/node_modules/winston/lib/winston/transports/console.js:87:23)
    at Console._write (/Users/konnaa/.cache/firebase/tools/lib/node_modules/winston-transport/modern.js:103:17)
    at doWrite (/Users/konnaa/.cache/firebase/tools/lib/node_modules/winston-transport/node_modules/readable-stream/lib/_stream_writable.js:390:139)
[error] 
[error] Error: An unexpected error has occurred.
[debug] [2026-04-08T17:51:13.936Z] Error: write EIO
    at afterWriteDispatched (node:internal/stream_base_commons:161:15)
    at writeGeneric (node:internal/stream_base_commons:152:3)
    at Socket._writeGeneric (node:net:958:11)
    at Socket._write (node:net:970:8)
    at writeOrBuffer (node:internal/streams/writable:572:12)
    at _write (node:internal/streams/writable:501:10)
    at Writable.write (node:internal/streams/writable:510:10)
    at Console.log (/Users/konnaa/.cache/firebase/tools/lib/node_modules/winston/lib/winston/transports/console.js:87:23)
    at Console._write (/Users/konnaa/.cache/firebase/tools/lib/node_modules/winston-transport/modern.js:103:17)
    at doWrite (/Users/konnaa/.cache/firebase/tools/lib/node_modules/winston-transport/node_modules/readable-stream/lib/_stream_writable.js:390:139)
[error] 
[error] Error: An unexpected error has occurred.
[debug] [2026-04-08T17:51:13.936Z] Error: write EIO
    at afterWriteDispatched (node:internal/stream_base_commons:161:15)
    at writeGeneric (node:internal/stream_base_commons:152:3)
    at Socket._writeGeneric (node:net:958:11)
    at Socket._write (node:net:970:8)
    at writeOrBuffer (node:internal/streams/writable:572:12)
    at _write (node:internal/streams/writable:501:10)
    at Writable.write (node:internal/streams/writable:510:10)
    at Console.log (/Users/konnaa/.cache/firebase/tools/lib/node_modules/winston/lib/winston/transports/console.js:87:23)
    at Console._write (/Users/konnaa/.cache/firebase/tools/lib/node_modules/winston-transport/modern.js:103:17)
    at doWrite (/Users/konnaa/.cache/firebase/tools/lib/node_modules/winston-transport/node_modules/readable-stream/lib/_stream_writable.js:390:139)
[error] 
[error] Error: An unexpected error has occurred.
[debug] [2026-04-08T17:51:13.936Z] Error: write EIO
    at afterWriteDispatched (node:internal/stream_base_commons:161:15)
    at writeGeneric (node:internal/stream_base_commons:152:3)
    at Socket._writeGeneric (node:net:958:11)
    at Socket._write (node:net:970:8)
    at writeOrBuffer (node:internal/streams/writable:572:12)
    at _write (node:internal/streams/writable:501:10)
    at Writable.write (node:internal/streams/writable:510:10)
    at Console.log (/Users/konnaa/.cache/firebase/tools/lib/node_modules/winston/lib/winston/transports/console.js:87:23)
    at Console._write (/Users/konnaa/.cache/firebase/tools/lib/node_modules/winston-transport/modern.js:103:17)
    at doWrite (/Users/konnaa/.cache/firebase/tools/lib/node_modules/winston-transport/node_modules/readable-stream/lib/_stream_writable.js:390:139)
[error] 
[error] Error: An unexpected error has occurred.
[debug] [2026-04-08T17:51:13.936Z] Error: write EIO
    at afterWriteDispatched (node:internal/stream_base_commons:161:15)
    at writeGeneric (node:internal/stream_base_commons:152:3)
    at Socket._writeGeneric (node:net:958:11)
    at Socket._write (node:net:970:8)
    at writeOrBuffer (node:internal/streams/writable:572:12)
    at _write (node:internal/streams/writable:501:10)
    at Writable.write (node:internal/streams/writable:510:10)
    at Console.log (/Users/konnaa/.cache/firebase/tools/lib/node_modules/winston/lib/winston/transports/console.js:87:23)
    at Console._write (/Users/konnaa/.cache/firebase/tools/lib/node_modules/winston-transport/modern.js:103:17)
    at doWrite (/Users/konnaa/.cache/firebase/tools/lib/node_modules/winston-transport/node_modules/readable-stream/lib/_stream_writable.js:390:139)
[error] 
[error] Error: An unexpected error has occurred.
[debug] [2026-04-08T17:51:13.936Z] Error: write EIO
    at afterWriteDispatched (node:internal/stream_base_commons:161:15)
    at writeGeneric (node:internal/stream_base_commons:152:3)
    at Socket._writeGeneric (node:net:958:11)
    at Socket._write (node:net:970:8)
    at writeOrBuffer (node:internal/streams/writable:572:12)
    at _write (node:internal/streams/writable:501:10)
    at Writable.write (node:internal/streams/writable:510:10)
    at Console.log (/Users/konnaa/.cache/firebase/tools/lib/node_modules/winston/lib/winston/transports/console.js:87:23)
    at Console._write (/Users/konnaa/.cache/firebase/tools/lib/node_modules/winston-transport/modern.js:103:17)
    at doWrite (/Users/konnaa/.cache/firebase/tools/lib/node_modules/winston-transport/node_modules/readable-stream/lib/_stream_writable.js:390:139)
[error] 
[error] Error: An unexpected error has occurred.
[debug] [2026-04-08T17:51:13.936Z] Error: write EIO
    at afterWriteDispatched (node:internal/stream_base_commons:161:15)
    at writeGeneric (node:internal/stream_base_commons:152:3)
    at Socket._writeGeneric (node:net:958:11)
    at Socket._write (node:net:970:8)
    at writeOrBuffer (node:internal/streams/writable:572:12)
    at _write (node:internal/streams/writable:501:10)
    at Writable.write (node:internal/streams/writable:510:10)
    at Console.log (/Users/konnaa/.cache/firebase/tools/lib/node_modules/winston/lib/winston/transports/console.js:87:23)
    at Console._write (/Users/konnaa/.cache/firebase/tools/lib/node_modules/winston-transport/modern.js:103:17)
    at doWrite (/Users/konnaa/.cache/firebase/tools/lib/node_modules/winston-transport/node_modules/readable-stream/lib/_stream_writable.js:390:139)
[error] 
[error] Error: An unexpected error has occurred.
[debug] [2026-04-08T17:51:13.937Z] Error: write EIO
    at afterWriteDispatched (node:internal/stream_base_commons:161:15)
    at writeGeneric (node:internal/stream_base_commons:152:3)
    at Socket._writeGeneric (node:net:958:11)
    at Socket._write (node:net:970:8)
    at writeOrBuffer (node:internal/streams/writable:572:12)
    at _write (node:internal/streams/writable:501:10)
    at Writable.write (node:internal/streams/writable:510:10)
    at Console.log (/Users/konnaa/.cache/firebase/tools/lib/node_modules/winston/lib/winston/transports/console.js:87:23)
    at Console._write (/Users/konnaa/.cache/firebase/tools/lib/node_modules/winston-transport/modern.js:103:17)
    at doWrite (/Users/konnaa/.cache/firebase/tools/lib/node_modules/winston-transport/node_modules/readable-stream/lib/_stream_writable.js:390:139)
[error] 
[error] Error: An unexpected error has occurred.
[debug] [2026-04-08T17:51:13.937Z] Error: write EIO
    at afterWriteDispatched (node:internal/stream_base_commons:161:15)
    at writeGeneric (node:internal/stream_base_commons:152:3)
    at Socket._writeGeneric (node:net:958:11)
    at Socket._write (node:net:970:8)
    at writeOrBuffer (node:internal/streams/writable:572:12)
    at _write (node:internal/streams/writable:501:10)
    at Writable.write (node:internal/streams/writable:510:10)
    at Console.log (/Users/konnaa/.cache/firebase/tools/lib/node_modules/winston/lib/winston/transports/console.js:87:23)
    at Console._write (/Users/konnaa/.cache/firebase/tools/lib/node_modules/winston-transport/modern.js:103:17)
    at doWrite (/Users/konnaa/.cache/firebase/tools/lib/node_modules/winston-transport/node_modules/readable-stream/lib/_stream_writable.js:390:139)
[error] 
[error] Error: An unexpected error has occurred.
[debug] [2026-04-08T17:51:13.937Z] Error: write EIO
    at afterWriteDispatched (node:internal/stream_base_commons:161:15)
    at writeGeneric (node:internal/stream_base_commons:152:3)
    at Socket._writeGeneric (node:net:958:11)
    at Socket._write (node:net:970:8)
    at writeOrBuffer (node:internal/streams/writable:572:12)
    at _write (node:internal/streams/writable:501:10)
    at Writable.write (node:internal/streams/writable:510:10)
    at Console.log (/Users/konnaa/.cache/firebase/tools/lib/node_modules/winston/lib/winston/transports/console.js:87:23)
    at Console._write (/Users/konnaa/.cache/firebase/tools/lib/node_modules/winston-transport/modern.js:103:17)
    at doWrite (/Users/konnaa/.cache/firebase/tools/lib/node_modules/winston-transport/node_modules/readable-stream/lib/_stream_writable.js:390:139)
[error] 
[error] Error: An unexpected error has occurred.
[debug] [2026-04-08T17:51:13.937Z] Error: write EIO
    at afterWriteDispatched (node:internal/stream_base_commons:161:15)
    at writeGeneric (node:internal/stream_base_commons:152:3)
    at Socket._writeGeneric (node:net:958:11)
    at Socket._write (node:net:970:8)
    at writeOrBuffer (node:internal/streams/writable:572:12)
    at _write (node:internal/streams/writable:501:10)
    at Writable.write (node:internal/streams/writable:510:10)
    at Console.log (/Users/konnaa/.cache/firebase/tools/lib/node_modules/winston/lib/winston/transports/console.js:87:23)
    at Console._write (/Users/konnaa/.cache/firebase/tools/lib/node_modules/winston-transport/modern.js:103:17)
    at doWrite (/Users/konnaa/.cache/firebase/tools/lib/node_modules/winston-transport/node_modules/readable-stream/lib/_stream_writable.js:390:139)
[error] 
[error] Error: An unexpected error has occurred.
[debug] [2026-04-08T17:51:13.937Z] Error: write EIO
    at afterWriteDispatched (node:internal/stream_base_commons:161:15)
    at writeGeneric (node:internal/stream_base_commons:152:3)
    at Socket._writeGeneric (node:net:958:11)
    at Socket._write (node:net:970:8)
    at writeOrBuffer (node:internal/streams/writable:572:12)
    at _write (node:internal/streams/writable:501:10)
    at Writable.write (node:internal/streams/writable:510:10)
    at Console.log (/Users/konnaa/.cache/firebase/tools/lib/node_modules/winston/lib/winston/transports/console.js:87:23)
    at Console._write (/Users/konnaa/.cache/firebase/tools/lib/node_modules/winston-transport/modern.js:103:17)
    at doWrite (/Users/konnaa/.cache/firebase/tools/lib/node_modules/winston-transport/node_modules/readable-stream/lib/_stream_writable.js:390:139)
[error] 
[error] Error: An unexpected error has occurred.
[debug] [2026-04-08T17:51:13.937Z] Error: write EIO
    at afterWriteDispatched (node:internal/stream_base_commons:161:15)
    at writeGeneric (node:internal/stream_base_commons:152:3)
    at Socket._writeGeneric (node:net:958:11)
    at Socket._write (node:net:970:8)
    at writeOrBuffer (node:internal/streams/writable:572:12)
    at _write (node:internal/streams/writable:501:10)
    at Writable.write (node:internal/streams/writable:510:10)
    at Console.log (/Users/konnaa/.cache/firebase/tools/lib/node_modules/winston/lib/winston/transports/console.js:87:23)
    at Console._write (/Users/konnaa/.cache/firebase/tools/lib/node_modules/winston-transport/modern.js:103:17)
    at doWrite (/Users/konnaa/.cache/firebase/tools/lib/node_modules/winston-transport/node_modules/readable-stream/lib/_stream_writable.js:390:139)
[error] 
[error] Error: An unexpected error has occurred.
[debug] [2026-04-08T17:51:13.938Z] Error: write EIO
    at afterWriteDispatched (node:internal/stream_base_commons:161:15)
    at writeGeneric (node:internal/stream_base_commons:152:3)
    at Socket._writeGeneric (node:net:958:11)
    at Socket._write (node:net:970:8)
    at writeOrBuffer (node:internal/streams/writable:572:12)
    at _write (node:internal/streams/writable:501:10)
    at Writable.write (node:internal/streams/writable:510:10)
    at Console.log (/Users/konnaa/.cache/firebase/tools/lib/node_modules/winston/lib/winston/transports/console.js:87:23)
    at Console._write (/Users/konnaa/.cache/firebase/tools/lib/node_modules/winston-transport/modern.js:103:17)
    at doWrite (/Users/konnaa/.cache/firebase/tools/lib/node_modules/winston-transport/node_modules/readable-stream/lib/_stream_writable.js:390:139)
[error] 
[error] Error: An unexpected error has occurred.
[debug] [2026-04-08T17:51:13.938Z] Error: write EIO
    at afterWriteDispatched (node:internal/stream_base_commons:161:15)
    at writeGeneric (node:internal/stream_base_commons:152:3)
    at Socket._writeGeneric (node:net:958:11)
    at Socket._write (node:net:970:8)
    at writeOrBuffer (node:internal/streams/writable:572:12)
    at _write (node:internal/streams/writable:501:10)
    at Writable.write (node:internal/streams/writable:510:10)
    at Console.log (/Users/konnaa/.cache/firebase/tools/lib/node_modules/winston/lib/winston/transports/console.js:87:23)
    at Console._write (/Users/konnaa/.cache/firebase/tools/lib/node_modules/winston-transport/modern.js:103:17)
    at doWrite (/Users/konnaa/.cache/firebase/tools/lib/node_modules/winston-transport/node_modules/readable-stream/lib/_stream_writable.js:390:139)
[error] 
[error] Error: An unexpected error has occurred.
[debug] [2026-04-08T17:51:13.938Z] Error: write EIO
    at afterWriteDispatched (node:internal/stream_base_commons:161:15)
    at writeGeneric (node:internal/stream_base_commons:152:3)
    at Socket._writeGeneric (node:net:958:11)
    at Socket._write (node:net:970:8)
    at writeOrBuffer (node:internal/streams/writable:572:12)
    at _write (node:internal/streams/writable:501:10)
    at Writable.write (node:internal/streams/writable:510:10)
    at Console.log (/Users/konnaa/.cache/firebase/tools/lib/node_modules/winston/lib/winston/transports/console.js:87:23)
    at Console._write (/Users/konnaa/.cache/firebase/tools/lib/node_modules/winston-transport/modern.js:103:17)
    at doWrite (/Users/konnaa/.cache/firebase/tools/lib/node_modules/winston-transport/node_modules/readable-stream/lib/_stream_writable.js:390:139)
[error] 
[error] Error: An unexpected error has occurred.
[debug] [2026-04-08T17:51:13.938Z] Error: write EIO
    at afterWriteDispatched (node:internal/stream_base_commons:161:15)
    at writeGeneric (node:internal/stream_base_commons:152:3)
    at Socket._writeGeneric (node:net:958:11)
    at Socket._write (node:net:970:8)
    at writeOrBuffer (node:internal/streams/writable:572:12)
    at _write (node:internal/streams/writable:501:10)
    at Writable.write (node:internal/streams/writable:510:10)
    at Console.log (/Users/konnaa/.cache/firebase/tools/lib/node_modules/winston/lib/winston/transports/console.js:87:23)
    at Console._write (/Users/konnaa/.cache/firebase/tools/lib/node_modules/winston-transport/modern.js:103:17)
    at doWrite (/Users/konnaa/.cache/firebase/tools/lib/node_modules/winston-transport/node_modules/readable-stream/lib/_stream_writable.js:390:139)
[error] 
[error] Error: An unexpected error has occurred.
[debug] [2026-04-08T17:51:13.938Z] Error: write EIO
    at afterWriteDispatched (node:internal/stream_base_commons:161:15)
    at writeGeneric (node:internal/stream_base_commons:152:3)
    at Socket._writeGeneric (node:net:958:11)
    at Socket._write (node:net:970:8)
    at writeOrBuffer (node:internal/streams/writable:572:12)
    at _write (node:internal/streams/writable:501:10)
    at Writable.write (node:internal/streams/writable:510:10)
    at Console.log (/Users/konnaa/.cache/firebase/tools/lib/node_modules/winston/lib/winston/transports/console.js:87:23)
    at Console._write (/Users/konnaa/.cache/firebase/tools/lib/node_modules/winston-transport/modern.js:103:17)
    at doWrite (/Users/konnaa/.cache/firebase/tools/lib/node_modules/winston-transport/node_modules/readable-stream/lib/_stream_writable.js:390:139)
[error] 
[error] Error: An unexpected error has occurred.
[info] i  emulators: Shutting down emulators. {"metadata":{"emulator":{"name":"hub"},"message":"Shutting down emulators."}}
[info] i  dataconnect: Stopping Data Connect Emulator {"metadata":{"emulator":{"name":"dataconnect"},"message":"Stopping Data Connect Emulator"}}
[info] i  emulators: Shutting down emulators. {"metadata":{"emulator":{"name":"hub"},"message":"Shutting down emulators."}}
[info] i  dataconnect: Stopping Data Connect Emulator {"metadata":{"emulator":{"name":"dataconnect"},"message":"Stopping Data Connect Emulator"}}
[warn] ⚠  dataconnect: Error stopping Data Connect Emulator {"metadata":{"emulator":{"name":"dataconnect"},"message":"Error stopping Data Connect Emulator"}}
[info] i  hub: Stopping emulator hub {"metadata":{"emulator":{"name":"hub"},"message":"Stopping emulator hub"}}
[info] i  logging: Stopping Logging Emulator {"metadata":{"emulator":{"name":"logging"},"message":"Stopping Logging Emulator"}}
[debug] [2026-04-08T17:51:14.012Z] Error: write EIO
    at afterWriteDispatched (node:internal/stream_base_commons:161:15)
    at writeGeneric (node:internal/stream_base_commons:152:3)
    at Socket._writeGeneric (node:net:958:11)
    at Socket._write (node:net:970:8)
    at writeOrBuffer (node:internal/streams/writable:572:12)
    at _write (node:internal/streams/writable:501:10)
    at Writable.write (node:internal/streams/writable:510:10)
    at Console.log (/Users/konnaa/.cache/firebase/tools/lib/node_modules/winston/lib/winston/transports/console.js:87:23)
    at Console._write (/Users/konnaa/.cache/firebase/tools/lib/node_modules/winston-transport/modern.js:103:17)
    at doWrite (/Users/konnaa/.cache/firebase/tools/lib/node_modules/winston-transport/node_modules/readable-stream/lib/_stream_writable.js:390:139)
[error] 
[error] Error: An unexpected error has occurred.
[debug] [2026-04-08T17:51:14.013Z] Error: write EIO
    at afterWriteDispatched (node:internal/stream_base_commons:161:15)
    at writeGeneric (node:internal/stream_base_commons:152:3)
    at Socket._writeGeneric (node:net:958:11)
    at Socket._write (node:net:970:8)
    at writeOrBuffer (node:internal/streams/writable:572:12)
    at _write (node:internal/streams/writable:501:10)
    at Writable.write (node:internal/streams/writable:510:10)
    at Console.log (/Users/konnaa/.cache/firebase/tools/lib/node_modules/winston/lib/winston/transports/console.js:87:23)
    at Console._write (/Users/konnaa/.cache/firebase/tools/lib/node_modules/winston-transport/modern.js:103:17)
    at doWrite (/Users/konnaa/.cache/firebase/tools/lib/node_modules/winston-transport/node_modules/readable-stream/lib/_stream_writable.js:390:139)
[error] 
[error] Error: An unexpected error has occurred.
[debug] [2026-04-08T17:51:14.014Z] Error: write EIO
    at afterWriteDispatched (node:internal/stream_base_commons:161:15)
    at writeGeneric (node:internal/stream_base_commons:152:3)
    at Socket._writeGeneric (node:net:958:11)
    at Socket._write (node:net:970:8)
    at writeOrBuffer (node:internal/streams/writable:572:12)
    at _write (node:internal/streams/writable:501:10)
    at Writable.write (node:internal/streams/writable:510:10)
    at Console.log (/Users/konnaa/.cache/firebase/tools/lib/node_modules/winston/lib/winston/transports/console.js:87:23)
    at Console._write (/Users/konnaa/.cache/firebase/tools/lib/node_modules/winston-transport/modern.js:103:17)
    at doWrite (/Users/konnaa/.cache/firebase/tools/lib/node_modules/winston-transport/node_modules/readable-stream/lib/_stream_writable.js:390:139)
[error] 
[error] Error: An unexpected error has occurred.
[debug] [2026-04-08T17:51:14.015Z] Error: write EIO
    at afterWriteDispatched (node:internal/stream_base_commons:161:15)
    at writeGeneric (node:internal/stream_base_commons:152:3)
    at Socket._writeGeneric (node:net:958:11)
    at Socket._write (node:net:970:8)
    at writeOrBuffer (node:internal/streams/writable:572:12)
    at _write (node:internal/streams/writable:501:10)
    at Writable.write (node:internal/streams/writable:510:10)
    at Console.log (/Users/konnaa/.cache/firebase/tools/lib/node_modules/winston/lib/winston/transports/console.js:87:23)
    at Console._write (/Users/konnaa/.cache/firebase/tools/lib/node_modules/winston-transport/modern.js:103:17)
    at doWrite (/Users/konnaa/.cache/firebase/tools/lib/node_modules/winston-transport/node_modules/readable-stream/lib/_stream_writable.js:390:139)
[error] 
[error] Error: An unexpected error has occurred.
[debug] [2026-04-08T17:51:14.015Z] Error: write EIO
    at afterWriteDispatched (node:internal/stream_base_commons:161:15)
    at writeGeneric (node:internal/stream_base_commons:152:3)
    at Socket._writeGeneric (node:net:958:11)
    at Socket._write (node:net:970:8)
    at writeOrBuffer (node:internal/streams/writable:572:12)
    at _write (node:internal/streams/writable:501:10)
    at Writable.write (node:internal/streams/writable:510:10)
    at Console.log (/Users/konnaa/.cache/firebase/tools/lib/node_modules/winston/lib/winston/transports/console.js:87:23)
    at Console._write (/Users/konnaa/.cache/firebase/tools/lib/node_modules/winston-transport/modern.js:103:17)
    at doWrite (/Users/konnaa/.cache/firebase/tools/lib/node_modules/winston-transport/node_modules/readable-stream/lib/_stream_writable.js:390:139)
[error] 
[error] Error: An unexpected error has occurred.
[debug] [2026-04-08T17:51:14.015Z] Postgres client disconnected
[debug] [2026-04-08T17:51:14.015Z] Error: write EIO
    at afterWriteDispatched (node:internal/stream_base_commons:161:15)
    at writeGeneric (node:internal/stream_base_commons:152:3)
    at Socket._writeGeneric (node:net:958:11)
    at Socket._write (node:net:970:8)
    at writeOrBuffer (node:internal/streams/writable:572:12)
    at _write (node:internal/streams/writable:501:10)
    at Writable.write (node:internal/streams/writable:510:10)
    at Console.log (/Users/konnaa/.cache/firebase/tools/lib/node_modules/winston/lib/winston/transports/console.js:87:23)
    at Console._write (/Users/konnaa/.cache/firebase/tools/lib/node_modules/winston-transport/modern.js:103:17)
    at doWrite (/Users/konnaa/.cache/firebase/tools/lib/node_modules/winston-transport/node_modules/readable-stream/lib/_stream_writable.js:390:139)
[error] 
[error] Error: An unexpected error has occurred.
[warn] ⚠  Data Connect Emulator has exited upon receiving signal: SIGINT 
[debug] [2026-04-08T17:51:14.016Z] Error: write EIO
    at afterWriteDispatched (node:internal/stream_base_commons:161:15)
    at writeGeneric (node:internal/stream_base_commons:152:3)
    at Socket._writeGeneric (node:net:958:11)
    at Socket._write (node:net:970:8)
    at writeOrBuffer (node:internal/streams/writable:572:12)
    at _write (node:internal/streams/writable:501:10)
    at Writable.write (node:internal/streams/writable:510:10)
    at Console.log (/Users/konnaa/.cache/firebase/tools/lib/node_modules/winston/lib/winston/transports/console.js:87:23)
    at Console._write (/Users/konnaa/.cache/firebase/tools/lib/node_modules/winston-transport/modern.js:103:17)
    at doWrite (/Users/konnaa/.cache/firebase/tools/lib/node_modules/winston-transport/node_modules/readable-stream/lib/_stream_writable.js:390:139)
[error] 
[error] Error: An unexpected error has occurred.
[debug] [2026-04-08T17:51:14.017Z] Error: write EIO
    at afterWriteDispatched (node:internal/stream_base_commons:161:15)
    at writeGeneric (node:internal/stream_base_commons:152:3)
    at Socket._writeGeneric (node:net:958:11)
    at Socket._write (node:net:970:8)
    at writeOrBuffer (node:internal/streams/writable:572:12)
    at _write (node:internal/streams/writable:501:10)
    at Writable.write (node:internal/streams/writable:510:10)
    at Console.log (/Users/konnaa/.cache/firebase/tools/lib/node_modules/winston/lib/winston/transports/console.js:87:23)
    at Console._write (/Users/konnaa/.cache/firebase/tools/lib/node_modules/winston-transport/modern.js:103:17)
    at doWrite (/Users/konnaa/.cache/firebase/tools/lib/node_modules/winston-transport/node_modules/readable-stream/lib/_stream_writable.js:390:139)
[error] 
[error] Error: An unexpected error has occurred.
[debug] [2026-04-08T17:51:14.017Z] Error: write EIO
    at afterWriteDispatched (node:internal/stream_base_commons:161:15)
    at writeGeneric (node:internal/stream_base_commons:152:3)
    at Socket._writeGeneric (node:net:958:11)
    at Socket._write (node:net:970:8)
    at writeOrBuffer (node:internal/streams/writable:572:12)
    at _write (node:internal/streams/writable:501:10)
    at Writable.write (node:internal/streams/writable:510:10)
    at Console.log (/Users/konnaa/.cache/firebase/tools/lib/node_modules/winston/lib/winston/transports/console.js:87:23)
    at Console._write (/Users/konnaa/.cache/firebase/tools/lib/node_modules/winston-transport/modern.js:103:17)
    at doWrite (/Users/konnaa/.cache/firebase/tools/lib/node_modules/winston-transport/node_modules/readable-stream/lib/_stream_writable.js:390:139)
[error] 
[error] Error: An unexpected error has occurred.
[debug] [2026-04-08T17:51:14.027Z] Error: write EIO
    at afterWriteDispatched (node:internal/stream_base_commons:161:15)
    at writeGeneric (node:internal/stream_base_commons:152:3)
    at Socket._writeGeneric (node:net:958:11)
    at Socket._write (node:net:970:8)
    at writeOrBuffer (node:internal/streams/writable:572:12)
    at _write (node:internal/streams/writable:501:10)
    at Writable.write (node:internal/streams/writable:510:10)
    at Console.log (/Users/konnaa/.cache/firebase/tools/lib/node_modules/winston/lib/winston/transports/console.js:87:23)
    at Console._write (/Users/konnaa/.cache/firebase/tools/lib/node_modules/winston-transport/modern.js:103:17)
    at doWrite (/Users/konnaa/.cache/firebase/tools/lib/node_modules/winston-transport/node_modules/readable-stream/lib/_stream_writable.js:390:139)
[error] 
[error] Error: An unexpected error has occurred.
[debug] [2026-04-08T17:51:14.027Z] Error: write EIO
    at afterWriteDispatched (node:internal/stream_base_commons:161:15)
    at writeGeneric (node:internal/stream_base_commons:152:3)
    at Socket._writeGeneric (node:net:958:11)
    at Socket._write (node:net:970:8)
    at writeOrBuffer (node:internal/streams/writable:572:12)
    at _write (node:internal/streams/writable:501:10)
    at Writable.write (node:internal/streams/writable:510:10)
    at Console.log (/Users/konnaa/.cache/firebase/tools/lib/node_modules/winston/lib/winston/transports/console.js:87:23)
    at Console._write (/Users/konnaa/.cache/firebase/tools/lib/node_modules/winston-transport/modern.js:103:17)
    at doWrite (/Users/konnaa/.cache/firebase/tools/lib/node_modules/winston-transport/node_modules/readable-stream/lib/_stream_writable.js:390:139)
[error] 
[error] Error: An unexpected error has occurred.
[debug] [2026-04-08T17:51:14.028Z] Error: write EIO
    at afterWriteDispatched (node:internal/stream_base_commons:161:15)
    at writeGeneric (node:internal/stream_base_commons:152:3)
    at Socket._writeGeneric (node:net:958:11)
    at Socket._write (node:net:970:8)
    at writeOrBuffer (node:internal/streams/writable:572:12)
    at _write (node:internal/streams/writable:501:10)
    at Writable.write (node:internal/streams/writable:510:10)
    at Console.log (/Users/konnaa/.cache/firebase/tools/lib/node_modules/winston/lib/winston/transports/console.js:87:23)
    at Console._write (/Users/konnaa/.cache/firebase/tools/lib/node_modules/winston-transport/modern.js:103:17)
    at doWrite (/Users/konnaa/.cache/firebase/tools/lib/node_modules/winston-transport/node_modules/readable-stream/lib/_stream_writable.js:390:139)
[error] 
[error] Error: An unexpected error has occurred.
[debug] [2026-04-08T17:51:14.028Z] Error: write EIO
    at afterWriteDispatched (node:internal/stream_base_commons:161:15)
    at writeGeneric (node:internal/stream_base_commons:152:3)
    at Socket._writeGeneric (node:net:958:11)
    at Socket._write (node:net:970:8)
    at writeOrBuffer (node:internal/streams/writable:572:12)
    at _write (node:internal/streams/writable:501:10)
    at Writable.write (node:internal/streams/writable:510:10)
    at Console.log (/Users/konnaa/.cache/firebase/tools/lib/node_modules/winston/lib/winston/transports/console.js:87:23)
    at Console._write (/Users/konnaa/.cache/firebase/tools/lib/node_modules/winston-transport/modern.js:103:17)
    at doWrite (/Users/konnaa/.cache/firebase/tools/lib/node_modules/winston-transport/node_modules/readable-stream/lib/_stream_writable.js:390:139)
